<?xml version="1.0" encoding="UTF-8"?>
<!-- Generated by org.testng.reporters.JUnitReportReporter -->
<testsuite hostname="DESKTOP-VPCNUH6" failures="0" tests="3" name="com.TestRuner.LoginTestMethod" time="38.030" errors="0" timestamp="2022-11-13T11:05:20 EST" skipped="0">
  <testcase classname="com.TestRuner.LoginTestMethod" name="titelTest" time="14.410"/>
  <system-out/>
  <testcase classname="com.TestRuner.LoginTestMethod" name="Titeltest" time="11.265"/>
  <system-out/>
  <testcase classname="com.TestRuner.LoginTestMethod" name="Test" time="12.355"/>
  <system-out/>
</testsuite> <!-- com.TestRuner.LoginTestMethod -->
